<?xml version="1.0" encoding="UTF-8"?>
<coverage generated="1707731535884" clover="3.2.0">
  <project timestamp="1707731535885" name="All files">
    <metrics statements="7" coveredstatements="7" conditionals="4" coveredconditionals="4" methods="3" coveredmethods="3" elements="14" coveredelements="14" complexity="0" loc="7" ncloc="7" packages="1" files="1" classes="1"/>
    <file name="main.js" path="C:\Users\Mytth\Desktop\Домашка\JS 2nd module\Задания по 2му модулю\ajs-homeworks-master\ajs-homeworks-master\regex\userNameValidator\src\js\main.js">
      <metrics statements="7" coveredstatements="7" conditionals="4" coveredconditionals="4" methods="3" coveredmethods="3"/>
      <line num="3" count="1" type="stmt"/>
      <line num="7" count="11" type="stmt"/>
      <line num="8" count="11" type="stmt"/>
      <line num="9" count="11" type="cond" truecount="4" falsecount="0"/>
      <line num="10" count="2" type="stmt"/>
      <line num="12" count="9" type="stmt"/>
      <line num="16" count="10" type="stmt"/>
    </file>
  </project>
</coverage>
